#-----------------------------------------------------------
# Webtalk v2019.1.3 (64-bit)
# SW Build 2644227 on Wed Sep  4 09:45:24 MDT 2019
# 
# Start of session at: Sat Feb 15 15:44:37 2020
# Process ID: 16728
# Current directory: D:/College/Masters/Winter_2019-20/ECEC661/HW4/bubble_sort_tb/bubble_sort_tb.sdk/webtalk
# Command line: wbtcv.exe -mode batch -source sdk_webtalk.tcl
# Log file: D:/College/Masters/Winter_2019-20/ECEC661/HW4/bubble_sort_tb/bubble_sort_tb.sdk/webtalk/webtalk.log
# Journal file: D:/College/Masters/Winter_2019-20/ECEC661/HW4/bubble_sort_tb/bubble_sort_tb.sdk/webtalk\webtalk.jou
#-----------------------------------------------------------
source sdk_webtalk.tcl
# webtalk_init -webtalk_dir D:\\College\\Masters\\Winter_2019-20\\ECEC661\\HW4\\bubble_sort_tb\\bubble_sort_tb.sdk\\webtalk
# webtalk_register_client -client project
# webtalk_add_data -client project -key date_generated -value "2020-02-15 15:44:35" -context "software_version_and_target_device"
# webtalk_add_data -client project -key product_version -value "SDK v2019.1" -context "software_version_and_target_device"
# webtalk_add_data -client project -key build_version -value "2019.1" -context "software_version_and_target_device"
# webtalk_add_data -client project -key os_platform -value "amd64" -context "software_version_and_target_device"
# webtalk_add_data -client project -key registration_id -value "211827698_0_0_021" -context "software_version_and_target_device"
# webtalk_add_data -client project -key tool_flow -value "SDK" -context "software_version_and_target_device"
# webtalk_add_data -client project -key beta -value "false" -context "software_version_and_target_device"
# webtalk_add_data -client project -key route_design -value "NA" -context "software_version_and_target_device"
# webtalk_add_data -client project -key target_family -value "NA" -context "software_version_and_target_device"
# webtalk_add_data -client project -key target_device -value "NA" -context "software_version_and_target_device"
# webtalk_add_data -client project -key target_package -value "NA" -context "software_version_and_target_device"
# webtalk_add_data -client project -key target_speed -value "NA" -context "software_version_and_target_device"
# webtalk_add_data -client project -key random_id -value "670a454dbcsokoeo4fprqdlo6j" -context "software_version_and_target_device"
# webtalk_add_data -client project -key project_id -value "2019.1_35" -context "software_version_and_target_device"
# webtalk_add_data -client project -key project_iteration -value "35" -context "software_version_and_target_device"
# webtalk_add_data -client project -key os_name -value "Microsoft Windows 8 or later , 64-bit" -context "user_environment"
# webtalk_add_data -client project -key os_release -value "major release  (build 9200)" -context "user_environment"
# webtalk_add_data -client project -key cpu_name -value "Intel(R) Core(TM) i7-8750H CPU @ 2.20GHz" -context "user_environment"
# webtalk_add_data -client project -key cpu_speed -value "2208 MHz" -context "user_environment"
# webtalk_add_data -client project -key total_processors -value "1" -context "user_environment"
# webtalk_add_data -client project -key system_ram -value "17.028 GB" -context "user_environment"
# webtalk_register_client -client sdk
# webtalk_add_data -client sdk -key uid -value "1581799260327" -context "sdk\\\\hardware/1581799260327"
# webtalk_add_data -client sdk -key isZynq -value "true" -context "sdk\\\\hardware/1581799260327"
# webtalk_add_data -client sdk -key isZynqMP -value "false" -context "sdk\\\\hardware/1581799260327"
# webtalk_add_data -client sdk -key Processors -value "1" -context "sdk\\\\hardware/1581799260327"
# webtalk_add_data -client sdk -key VivadoVersion -value "2019.1.3" -context "sdk\\\\hardware/1581799260327"
# webtalk_add_data -client sdk -key Arch -value "zynq" -context "sdk\\\\hardware/1581799260327"
# webtalk_add_data -client sdk -key Device -value "7z007s" -context "sdk\\\\hardware/1581799260327"
# webtalk_add_data -client sdk -key IsHandoff -value "true" -context "sdk\\\\hardware/1581799260327"
# webtalk_add_data -client sdk -key os -value "NA" -context "sdk\\\\hardware/1581799260327"
# webtalk_add_data -client sdk -key apptemplate -value "NA" -context "sdk\\\\hardware/1581799260327"
# webtalk_add_data -client sdk -key RecordType -value "HWCreation" -context "sdk\\\\hardware/1581799260327"
# webtalk_add_data -client sdk -key uid -value "1581799296448" -context "sdk\\\\bsp/1581799296448"
# webtalk_add_data -client sdk -key hwid -value "1581799260327" -context "sdk\\\\bsp/1581799296448"
# webtalk_add_data -client sdk -key os -value "standalone" -context "sdk\\\\bsp/1581799296448"
# webtalk_add_data -client sdk -key apptemplate -value "hello_world" -context "sdk\\\\bsp/1581799296448"
# webtalk_add_data -client sdk -key RecordType -value "BSPCreation" -context "sdk\\\\bsp/1581799296448"
# webtalk_add_data -client sdk -key uid -value "1581799299165" -context "sdk\\\\application/1581799299165"
# webtalk_add_data -client sdk -key hwid -value "1581799260327" -context "sdk\\\\application/1581799299165"
# webtalk_add_data -client sdk -key bspid -value "1581799296448" -context "sdk\\\\application/1581799299165"
# webtalk_add_data -client sdk -key newbsp -value "true" -context "sdk\\\\application/1581799299165"
# webtalk_add_data -client sdk -key os -value "standalone" -context "sdk\\\\application/1581799299165"
# webtalk_add_data -client sdk -key apptemplate -value "hello_world" -context "sdk\\\\application/1581799299165"
# webtalk_add_data -client sdk -key RecordType -value "APPCreation" -context "sdk\\\\application/1581799299165"
# webtalk_add_data -client sdk -key LangUsed -value "C" -context "sdk\\\\application/1581799299165"
# webtalk_add_data -client sdk -key Procused -value "ps7_cortexa9" -context "sdk\\\\application/1581799299165"
# webtalk_add_data -client sdk -key projSize -value "233.984375" -context "sdk\\\\application/1581799299165"
# webtalk_add_data -client sdk -key uid -value "NA" -context "sdk\\\\bsp/1581799475782"
# webtalk_add_data -client sdk -key RecordType -value "ToolUsage" -context "sdk\\\\bsp/1581799475782"
# webtalk_add_data -client sdk -key BootgenCount -value "0" -context "sdk\\\\bsp/1581799475782"
# webtalk_add_data -client sdk -key DebugCount -value "0" -context "sdk\\\\bsp/1581799475782"
# webtalk_add_data -client sdk -key PerfCount -value "0" -context "sdk\\\\bsp/1581799475782"
# webtalk_add_data -client sdk -key FlashCount -value "0" -context "sdk\\\\bsp/1581799475782"
# webtalk_add_data -client sdk -key CrossTriggCount -value "0" -context "sdk\\\\bsp/1581799475782"
# webtalk_add_data -client sdk -key QemuDebugCount -value "0" -context "sdk\\\\bsp/1581799475782"
# webtalk_transmit -clientid 3922262083 -regid "211827698_0_0_021" -xml D:\\College\\Masters\\Winter_2019-20\\ECEC661\\HW4\\bubble_sort_tb\\bubble_sort_tb.sdk\\webtalk\\usage_statistics_ext_sdk.xml -html D:\\College\\Masters\\Winter_2019-20\\ECEC661\\HW4\\bubble_sort_tb\\bubble_sort_tb.sdk\\webtalk\\usage_statistics_ext_sdk.html -wdm D:\\College\\Masters\\Winter_2019-20\\ECEC661\\HW4\\bubble_sort_tb\\bubble_sort_tb.sdk\\webtalk\\sdk_webtalk.wdm -intro "<H3>SDK Usage Report</H3><BR>"
# webtalk_terminate
INFO: [Common 17-206] Exiting Webtalk at Sat Feb 15 15:44:40 2020...
