#-----------------------------------------------------------
# Vivado v2019.1.3 (64-bit)
# SW Build 2644227 on Wed Sep  4 09:45:24 MDT 2019
# IP Build 2633630 on Wed Sep  4 12:30:14 MDT 2019
# Start of session at: Tue Feb 11 12:47:22 2020
# Process ID: 16752
# Current directory: D:/College/Masters/Winter_2019-20/ECEC661/HW4/pe
# Command line: vivado.exe -gui_launcher_event rodinguilauncherevent3472 D:\College\Masters\Winter_2019-20\ECEC661\HW4\pe\pe.xpr
# Log file: D:/College/Masters/Winter_2019-20/ECEC661/HW4/pe/vivado.log
# Journal file: D:/College/Masters/Winter_2019-20/ECEC661/HW4/pe\vivado.jou
#-----------------------------------------------------------
start_gui
open_project D:/College/Masters/Winter_2019-20/ECEC661/HW4/pe/pe.xpr
Scanning sources...
Finished scanning sources
INFO: [IP_Flow 19-234] Refreshing IP repositories
INFO: [IP_Flow 19-1704] No user IP repositories specified
INFO: [IP_Flow 19-2313] Loaded Vivado IP repository 'D:/Xilinx/Vivado/2019.1/data/ip'.
open_project: Time (s): cpu = 00:00:15 ; elapsed = 00:00:07 . Memory (MB): peak = 856.645 ; gain = 161.328
update_compile_order -fileset sources_1
reset_run synth_1
launch_runs synth_1 -jobs 11
[Tue Feb 11 23:15:12 2020] Launched synth_1...
Run output will be captured here: D:/College/Masters/Winter_2019-20/ECEC661/HW4/pe/pe.runs/synth_1/runme.log
launch_runs: Time (s): cpu = 00:00:01 ; elapsed = 00:00:07 . Memory (MB): peak = 861.770 ; gain = 0.000
exit
INFO: [Common 17-206] Exiting Vivado at Wed Feb 12 01:45:49 2020...
