#-----------------------------------------------------------
# Vivado v2019.1.3 (64-bit)
# SW Build 2644227 on Wed Sep  4 09:45:24 MDT 2019
# IP Build 2633630 on Wed Sep  4 12:30:14 MDT 2019
# Start of session at: Fri Feb 14 21:33:22 2020
# Process ID: 13060
# Current directory: D:/College/Masters/Winter_2019-20/ECEC661/HW4/pe
# Command line: vivado.exe -gui_launcher_event rodinguilauncherevent13284 D:\College\Masters\Winter_2019-20\ECEC661\HW4\pe\pe.xpr
# Log file: D:/College/Masters/Winter_2019-20/ECEC661/HW4/pe/vivado.log
# Journal file: D:/College/Masters/Winter_2019-20/ECEC661/HW4/pe\vivado.jou
#-----------------------------------------------------------
start_gui
open_project D:/College/Masters/Winter_2019-20/ECEC661/HW4/pe/pe.xpr
Scanning sources...
Finished scanning sources
INFO: [IP_Flow 19-234] Refreshing IP repositories
INFO: [IP_Flow 19-1704] No user IP repositories specified
INFO: [IP_Flow 19-2313] Loaded Vivado IP repository 'D:/Xilinx/Vivado/2019.1/data/ip'.
open_project: Time (s): cpu = 00:00:13 ; elapsed = 00:00:06 . Memory (MB): peak = 847.211 ; gain = 171.648
update_compile_order -fileset sources_1
reset_run synth_1
launch_runs synth_1 -jobs 11
[Fri Feb 14 21:34:04 2020] Launched synth_1...
Run output will be captured here: D:/College/Masters/Winter_2019-20/ECEC661/HW4/pe/pe.runs/synth_1/runme.log
exit
INFO: [Common 17-206] Exiting Vivado at Fri Feb 14 21:35:00 2020...
