15:40:52 INFO  : Registering command handlers for SDK TCF services
15:40:53 INFO  : Launching XSCT server: xsct.bat -interactive D:\College\Masters\Winter_2019-20\ECEC661\HW4\bubble_sort_tb\bubble_sort_tb.sdk\temp_xsdb_launch_script.tcl
15:40:56 INFO  : XSCT server has started successfully.
15:40:56 INFO  : Processing command line option -hwspec D:/College/Masters/Winter_2019-20/ECEC661/HW4/bubble_sort_tb/bubble_sort_tb.sdk/system_wrapper.hdf.
15:40:56 INFO  : Successfully done setting XSCT server connection channel  
15:40:56 INFO  : Successfully done setting SDK workspace  
15:43:15 INFO  : Connected to target on host '127.0.0.1' and port '3121'.
15:43:15 INFO  : 'targets -set -filter {jtag_cable_name =~ "Digilent Cora Z7 - 7007S 210370A92D0FA" && level==0} -index 1' command is executed.
15:43:16 INFO  : FPGA configured successfully with bitstream "D:/College/Masters/Winter_2019-20/ECEC661/HW4/bubble_sort_tb/bubble_sort_tb.sdk/system_wrapper_hw_platform_0/system_wrapper.bit"
15:43:21 INFO  : 'targets -set -filter {jtag_cable_name =~ "Digilent Cora Z7 - 7007S 210370A92D0FA" && level==0} -index 1' command is executed.
15:43:21 INFO  : 'fpga -state' command is executed.
15:43:21 INFO  : Connected to target on host '127.0.0.1' and port '3121'.
15:43:21 INFO  : Jtag cable 'Digilent Cora Z7 - 7007S 210370A92D0FA' is selected.
15:43:21 INFO  : 'jtag frequency' command is executed.
15:43:21 INFO  : Sourcing of 'D:/College/Masters/Winter_2019-20/ECEC661/HW4/bubble_sort_tb/bubble_sort_tb.sdk/system_wrapper_hw_platform_0/ps7_init.tcl' is done.
15:43:21 INFO  : Context for 'APU' is selected.
15:43:21 INFO  : Hardware design information is loaded from 'D:/College/Masters/Winter_2019-20/ECEC661/HW4/bubble_sort_tb/bubble_sort_tb.sdk/system_wrapper_hw_platform_0/system.hdf'.
15:43:22 INFO  : 'configparams force-mem-access 1' command is executed.
15:43:22 INFO  : Context for 'APU' is selected.
15:43:22 INFO  : 'stop' command is executed.
15:43:22 INFO  : 'ps7_init' command is executed.
15:43:22 INFO  : 'ps7_post_config' command is executed.
15:43:22 INFO  : Context for processor 'ps7_cortexa9_0' is selected.
15:43:22 INFO  : Processor reset is completed for 'ps7_cortexa9_0'.
15:43:22 INFO  : Context for processor 'ps7_cortexa9_0' is selected.
15:43:22 INFO  : The application 'D:/College/Masters/Winter_2019-20/ECEC661/HW4/bubble_sort_tb/bubble_sort_tb.sdk/bubble_test/Debug/bubble_test.elf' is downloaded to processor 'ps7_cortexa9_0'.
15:43:22 INFO  : 'configparams force-mem-access 0' command is executed.
15:43:22 INFO  : ----------------XSDB Script----------------
connect -url tcp:127.0.0.1:3121
source D:/College/Masters/Winter_2019-20/ECEC661/HW4/bubble_sort_tb/bubble_sort_tb.sdk/system_wrapper_hw_platform_0/ps7_init.tcl
targets -set -nocase -filter {name =~"APU*" && jtag_cable_name =~ "Digilent Cora Z7 - 7007S 210370A92D0FA"} -index 0
loadhw -hw D:/College/Masters/Winter_2019-20/ECEC661/HW4/bubble_sort_tb/bubble_sort_tb.sdk/system_wrapper_hw_platform_0/system.hdf -mem-ranges [list {0x40000000 0xbfffffff}]
configparams force-mem-access 1
targets -set -nocase -filter {name =~"APU*" && jtag_cable_name =~ "Digilent Cora Z7 - 7007S 210370A92D0FA"} -index 0
stop
ps7_init
ps7_post_config
targets -set -nocase -filter {name =~ "ARM*#0" && jtag_cable_name =~ "Digilent Cora Z7 - 7007S 210370A92D0FA"} -index 0
rst -processor
targets -set -nocase -filter {name =~ "ARM*#0" && jtag_cable_name =~ "Digilent Cora Z7 - 7007S 210370A92D0FA"} -index 0
dow D:/College/Masters/Winter_2019-20/ECEC661/HW4/bubble_sort_tb/bubble_sort_tb.sdk/bubble_test/Debug/bubble_test.elf
configparams force-mem-access 0
----------------End of Script----------------

15:43:22 INFO  : Context for processor 'ps7_cortexa9_0' is selected.
15:43:22 INFO  : 'con' command is executed.
15:43:22 INFO  : ----------------XSDB Script (After Launch)----------------
targets -set -nocase -filter {name =~ "ARM*#0" && jtag_cable_name =~ "Digilent Cora Z7 - 7007S 210370A92D0FA"} -index 0
con
----------------End of Script----------------

15:43:22 INFO  : Disconnected from the channel tcfchan#1.
15:52:14 INFO  : Registering command handlers for SDK TCF services
15:52:15 INFO  : Launching XSCT server: xsct.bat -interactive D:\College\Masters\Winter_2019-20\ECEC661\HW4\bubble_sort_tb\bubble_sort_tb.sdk\temp_xsdb_launch_script.tcl
15:52:18 INFO  : XSCT server has started successfully.
15:52:18 INFO  : Successfully done setting XSCT server connection channel  
15:52:18 INFO  : Processing command line option -hwspec D:/College/Masters/Winter_2019-20/ECEC661/HW4/bubble_sort_tb/bubble_sort_tb.sdk/system_wrapper.hdf.
15:52:18 INFO  : Successfully done setting SDK workspace  
15:52:18 INFO  : Checking for hwspec changes in the project system_wrapper_hw_platform_0.
15:52:22 INFO  : SDK has detected change in the last modified timestamps for source hardware specification file Source:1581799879491,  Project:1581799227775
15:52:22 INFO  : The hardware specification for project 'system_wrapper_hw_platform_0' is different from D:/College/Masters/Winter_2019-20/ECEC661/HW4/bubble_sort_tb/bubble_sort_tb.sdk/system_wrapper.hdf.
15:52:23 INFO  : Copied contents of D:/College/Masters/Winter_2019-20/ECEC661/HW4/bubble_sort_tb/bubble_sort_tb.sdk/system_wrapper.hdf into \system_wrapper_hw_platform_0\system.hdf.
15:52:25 INFO  : Synchronizing projects in the workspace with the hardware platform specification changes.
15:52:29 INFO  : 
15:52:30 INFO  : Updating hardware inferred compiler options for bubble_test.
15:52:30 INFO  : Clearing existing target manager status.
15:54:05 INFO  : Connected to target on host '127.0.0.1' and port '3121'.
15:54:06 INFO  : 'targets -set -filter {jtag_cable_name =~ "Digilent Cora Z7 - 7007S 210370A92D0FA" && level==0} -index 1' command is executed.
15:54:07 INFO  : FPGA configured successfully with bitstream "D:/College/Masters/Winter_2019-20/ECEC661/HW4/bubble_sort_tb/bubble_sort_tb.sdk/system_wrapper_hw_platform_0/system_wrapper.bit"
15:54:15 INFO  : 'targets -set -filter {jtag_cable_name =~ "Digilent Cora Z7 - 7007S 210370A92D0FA" && level==0} -index 1' command is executed.
15:54:15 INFO  : 'fpga -state' command is executed.
15:54:15 INFO  : Connected to target on host '127.0.0.1' and port '3121'.
15:54:15 INFO  : Jtag cable 'Digilent Cora Z7 - 7007S 210370A92D0FA' is selected.
15:54:15 INFO  : 'jtag frequency' command is executed.
15:54:15 INFO  : Sourcing of 'D:/College/Masters/Winter_2019-20/ECEC661/HW4/bubble_sort_tb/bubble_sort_tb.sdk/system_wrapper_hw_platform_0/ps7_init.tcl' is done.
15:54:15 INFO  : Context for 'APU' is selected.
15:54:15 INFO  : Hardware design information is loaded from 'D:/College/Masters/Winter_2019-20/ECEC661/HW4/bubble_sort_tb/bubble_sort_tb.sdk/system_wrapper_hw_platform_0/system.hdf'.
15:54:15 INFO  : 'configparams force-mem-access 1' command is executed.
15:54:15 INFO  : Context for 'APU' is selected.
15:54:15 INFO  : 'stop' command is executed.
15:54:16 INFO  : 'ps7_init' command is executed.
15:54:16 INFO  : 'ps7_post_config' command is executed.
15:54:16 INFO  : Context for processor 'ps7_cortexa9_0' is selected.
15:54:16 INFO  : Processor reset is completed for 'ps7_cortexa9_0'.
15:54:16 INFO  : Context for processor 'ps7_cortexa9_0' is selected.
15:54:16 INFO  : The application 'D:/College/Masters/Winter_2019-20/ECEC661/HW4/bubble_sort_tb/bubble_sort_tb.sdk/bubble_test/Debug/bubble_test.elf' is downloaded to processor 'ps7_cortexa9_0'.
15:54:16 INFO  : 'configparams force-mem-access 0' command is executed.
15:54:16 INFO  : ----------------XSDB Script----------------
connect -url tcp:127.0.0.1:3121
source D:/College/Masters/Winter_2019-20/ECEC661/HW4/bubble_sort_tb/bubble_sort_tb.sdk/system_wrapper_hw_platform_0/ps7_init.tcl
targets -set -nocase -filter {name =~"APU*" && jtag_cable_name =~ "Digilent Cora Z7 - 7007S 210370A92D0FA"} -index 0
loadhw -hw D:/College/Masters/Winter_2019-20/ECEC661/HW4/bubble_sort_tb/bubble_sort_tb.sdk/system_wrapper_hw_platform_0/system.hdf -mem-ranges [list {0x40000000 0xbfffffff}]
configparams force-mem-access 1
targets -set -nocase -filter {name =~"APU*" && jtag_cable_name =~ "Digilent Cora Z7 - 7007S 210370A92D0FA"} -index 0
stop
ps7_init
ps7_post_config
targets -set -nocase -filter {name =~ "ARM*#0" && jtag_cable_name =~ "Digilent Cora Z7 - 7007S 210370A92D0FA"} -index 0
rst -processor
targets -set -nocase -filter {name =~ "ARM*#0" && jtag_cable_name =~ "Digilent Cora Z7 - 7007S 210370A92D0FA"} -index 0
dow D:/College/Masters/Winter_2019-20/ECEC661/HW4/bubble_sort_tb/bubble_sort_tb.sdk/bubble_test/Debug/bubble_test.elf
configparams force-mem-access 0
----------------End of Script----------------

15:54:16 INFO  : Context for processor 'ps7_cortexa9_0' is selected.
15:54:16 INFO  : 'con' command is executed.
15:54:16 INFO  : ----------------XSDB Script (After Launch)----------------
targets -set -nocase -filter {name =~ "ARM*#0" && jtag_cable_name =~ "Digilent Cora Z7 - 7007S 210370A92D0FA"} -index 0
con
----------------End of Script----------------

15:54:16 INFO  : Disconnected from the channel tcfchan#1.
18:36:02 INFO  : Registering command handlers for SDK TCF services
18:36:05 INFO  : Launching XSCT server: xsct.bat -interactive D:\College\Masters\Winter_2019-20\ECEC661\HW4\bubble_sort_tb\bubble_sort_tb.sdk\temp_xsdb_launch_script.tcl
18:36:24 INFO  : XSCT server has started successfully.
18:37:00 INFO  : Successfully done setting XSCT server connection channel  
18:37:00 INFO  : Processing command line option -hwspec D:/College/Masters/Winter_2019-20/ECEC661/HW4/bubble_sort_tb/bubble_sort_tb.sdk/system_wrapper.hdf.
18:37:00 INFO  : Successfully done setting SDK workspace  
18:37:00 INFO  : Checking for hwspec changes in the project system_wrapper_hw_platform_0.
19:08:08 INFO  : Connected to target on host '127.0.0.1' and port '3121'.
19:08:10 INFO  : 'targets -set -filter {jtag_cable_name =~ "Digilent Cora Z7 - 7007S 210370A92D0FA" && level==0} -index 1' command is executed.
19:08:11 INFO  : FPGA configured successfully with bitstream "D:/College/Masters/Winter_2019-20/ECEC661/HW4/bubble_sort_tb/bubble_sort_tb.sdk/system_wrapper_hw_platform_0/system_wrapper.bit"
19:08:23 INFO  : 'targets -set -filter {jtag_cable_name =~ "Digilent Cora Z7 - 7007S 210370A92D0FA" && level==0} -index 1' command is executed.
19:08:23 INFO  : 'fpga -state' command is executed.
19:08:23 INFO  : Connected to target on host '127.0.0.1' and port '3121'.
19:08:24 INFO  : Jtag cable 'Digilent Cora Z7 - 7007S 210370A92D0FA' is selected.
19:08:24 INFO  : 'jtag frequency' command is executed.
19:08:24 INFO  : Sourcing of 'D:/College/Masters/Winter_2019-20/ECEC661/HW4/bubble_sort_tb/bubble_sort_tb.sdk/system_wrapper_hw_platform_0/ps7_init.tcl' is done.
19:08:24 INFO  : Context for 'APU' is selected.
19:08:24 INFO  : Hardware design information is loaded from 'D:/College/Masters/Winter_2019-20/ECEC661/HW4/bubble_sort_tb/bubble_sort_tb.sdk/system_wrapper_hw_platform_0/system.hdf'.
19:08:24 INFO  : 'configparams force-mem-access 1' command is executed.
19:08:24 INFO  : Context for 'APU' is selected.
19:08:24 INFO  : 'stop' command is executed.
19:08:24 INFO  : 'ps7_init' command is executed.
19:08:24 INFO  : 'ps7_post_config' command is executed.
19:08:24 INFO  : Context for processor 'ps7_cortexa9_0' is selected.
19:08:24 INFO  : Processor reset is completed for 'ps7_cortexa9_0'.
19:08:24 INFO  : Context for processor 'ps7_cortexa9_0' is selected.
19:08:25 INFO  : The application 'D:/College/Masters/Winter_2019-20/ECEC661/HW4/bubble_sort_tb/bubble_sort_tb.sdk/bubble_test/Debug/bubble_test.elf' is downloaded to processor 'ps7_cortexa9_0'.
19:08:25 INFO  : 'configparams force-mem-access 0' command is executed.
19:08:25 INFO  : ----------------XSDB Script----------------
connect -url tcp:127.0.0.1:3121
source D:/College/Masters/Winter_2019-20/ECEC661/HW4/bubble_sort_tb/bubble_sort_tb.sdk/system_wrapper_hw_platform_0/ps7_init.tcl
targets -set -nocase -filter {name =~"APU*" && jtag_cable_name =~ "Digilent Cora Z7 - 7007S 210370A92D0FA"} -index 0
loadhw -hw D:/College/Masters/Winter_2019-20/ECEC661/HW4/bubble_sort_tb/bubble_sort_tb.sdk/system_wrapper_hw_platform_0/system.hdf -mem-ranges [list {0x40000000 0xbfffffff}]
configparams force-mem-access 1
targets -set -nocase -filter {name =~"APU*" && jtag_cable_name =~ "Digilent Cora Z7 - 7007S 210370A92D0FA"} -index 0
stop
ps7_init
ps7_post_config
targets -set -nocase -filter {name =~ "ARM*#0" && jtag_cable_name =~ "Digilent Cora Z7 - 7007S 210370A92D0FA"} -index 0
rst -processor
targets -set -nocase -filter {name =~ "ARM*#0" && jtag_cable_name =~ "Digilent Cora Z7 - 7007S 210370A92D0FA"} -index 0
dow D:/College/Masters/Winter_2019-20/ECEC661/HW4/bubble_sort_tb/bubble_sort_tb.sdk/bubble_test/Debug/bubble_test.elf
configparams force-mem-access 0
----------------End of Script----------------

19:08:25 INFO  : Context for processor 'ps7_cortexa9_0' is selected.
19:08:25 INFO  : 'con' command is executed.
19:08:25 INFO  : ----------------XSDB Script (After Launch)----------------
targets -set -nocase -filter {name =~ "ARM*#0" && jtag_cable_name =~ "Digilent Cora Z7 - 7007S 210370A92D0FA"} -index 0
con
----------------End of Script----------------

19:08:25 INFO  : Disconnected from the channel tcfchan#1.
19:09:44 INFO  : 'targets -set -filter {jtag_cable_name =~ "Digilent Cora Z7 - 7007S 210370A92D0FA" && level==0} -index 1' command is executed.
19:09:44 INFO  : 'fpga -state' command is executed.
19:09:44 INFO  : Connected to target on host '127.0.0.1' and port '3121'.
19:09:44 INFO  : Jtag cable 'Digilent Cora Z7 - 7007S 210370A92D0FA' is selected.
19:09:44 INFO  : 'jtag frequency' command is executed.
19:09:44 INFO  : Sourcing of 'D:/College/Masters/Winter_2019-20/ECEC661/HW4/bubble_sort_tb/bubble_sort_tb.sdk/system_wrapper_hw_platform_0/ps7_init.tcl' is done.
19:09:44 INFO  : Context for 'APU' is selected.
19:09:44 INFO  : Hardware design information is loaded from 'D:/College/Masters/Winter_2019-20/ECEC661/HW4/bubble_sort_tb/bubble_sort_tb.sdk/system_wrapper_hw_platform_0/system.hdf'.
19:09:44 INFO  : 'configparams force-mem-access 1' command is executed.
19:09:44 INFO  : Context for 'APU' is selected.
19:09:44 INFO  : 'stop' command is executed.
19:09:44 INFO  : 'ps7_init' command is executed.
19:09:44 INFO  : 'ps7_post_config' command is executed.
19:09:44 INFO  : Context for processor 'ps7_cortexa9_0' is selected.
19:09:44 INFO  : Processor reset is completed for 'ps7_cortexa9_0'.
19:09:44 INFO  : Context for processor 'ps7_cortexa9_0' is selected.
19:09:45 INFO  : The application 'D:/College/Masters/Winter_2019-20/ECEC661/HW4/bubble_sort_tb/bubble_sort_tb.sdk/bubble_test/Debug/bubble_test.elf' is downloaded to processor 'ps7_cortexa9_0'.
19:09:45 INFO  : 'configparams force-mem-access 0' command is executed.
19:09:45 INFO  : ----------------XSDB Script----------------
connect -url tcp:127.0.0.1:3121
source D:/College/Masters/Winter_2019-20/ECEC661/HW4/bubble_sort_tb/bubble_sort_tb.sdk/system_wrapper_hw_platform_0/ps7_init.tcl
targets -set -nocase -filter {name =~"APU*" && jtag_cable_name =~ "Digilent Cora Z7 - 7007S 210370A92D0FA"} -index 0
loadhw -hw D:/College/Masters/Winter_2019-20/ECEC661/HW4/bubble_sort_tb/bubble_sort_tb.sdk/system_wrapper_hw_platform_0/system.hdf -mem-ranges [list {0x40000000 0xbfffffff}]
configparams force-mem-access 1
targets -set -nocase -filter {name =~"APU*" && jtag_cable_name =~ "Digilent Cora Z7 - 7007S 210370A92D0FA"} -index 0
stop
ps7_init
ps7_post_config
targets -set -nocase -filter {name =~ "ARM*#0" && jtag_cable_name =~ "Digilent Cora Z7 - 7007S 210370A92D0FA"} -index 0
rst -processor
targets -set -nocase -filter {name =~ "ARM*#0" && jtag_cable_name =~ "Digilent Cora Z7 - 7007S 210370A92D0FA"} -index 0
dow D:/College/Masters/Winter_2019-20/ECEC661/HW4/bubble_sort_tb/bubble_sort_tb.sdk/bubble_test/Debug/bubble_test.elf
configparams force-mem-access 0
----------------End of Script----------------

19:09:45 INFO  : Context for processor 'ps7_cortexa9_0' is selected.
19:09:45 INFO  : 'con' command is executed.
19:09:45 INFO  : ----------------XSDB Script (After Launch)----------------
targets -set -nocase -filter {name =~ "ARM*#0" && jtag_cable_name =~ "Digilent Cora Z7 - 7007S 210370A92D0FA"} -index 0
con
----------------End of Script----------------

19:09:45 INFO  : Disconnected from the channel tcfchan#2.
19:10:47 INFO  : 'targets -set -filter {jtag_cable_name =~ "Digilent Cora Z7 - 7007S 210370A92D0FA" && level==0} -index 1' command is executed.
19:10:47 INFO  : 'fpga -state' command is executed.
19:10:47 INFO  : Connected to target on host '127.0.0.1' and port '3121'.
19:10:48 INFO  : Jtag cable 'Digilent Cora Z7 - 7007S 210370A92D0FA' is selected.
19:10:48 INFO  : 'jtag frequency' command is executed.
19:10:48 INFO  : Sourcing of 'D:/College/Masters/Winter_2019-20/ECEC661/HW4/bubble_sort_tb/bubble_sort_tb.sdk/system_wrapper_hw_platform_0/ps7_init.tcl' is done.
19:10:48 INFO  : Context for 'APU' is selected.
19:10:48 INFO  : Hardware design information is loaded from 'D:/College/Masters/Winter_2019-20/ECEC661/HW4/bubble_sort_tb/bubble_sort_tb.sdk/system_wrapper_hw_platform_0/system.hdf'.
19:10:48 INFO  : 'configparams force-mem-access 1' command is executed.
19:10:48 INFO  : Context for 'APU' is selected.
19:10:48 INFO  : 'stop' command is executed.
19:10:48 INFO  : 'ps7_init' command is executed.
19:10:48 INFO  : 'ps7_post_config' command is executed.
19:10:48 INFO  : Context for processor 'ps7_cortexa9_0' is selected.
19:10:48 INFO  : Processor reset is completed for 'ps7_cortexa9_0'.
19:10:48 INFO  : Context for processor 'ps7_cortexa9_0' is selected.
19:10:48 INFO  : The application 'D:/College/Masters/Winter_2019-20/ECEC661/HW4/bubble_sort_tb/bubble_sort_tb.sdk/bubble_test/Debug/bubble_test.elf' is downloaded to processor 'ps7_cortexa9_0'.
19:10:48 INFO  : 'configparams force-mem-access 0' command is executed.
19:10:48 INFO  : ----------------XSDB Script----------------
connect -url tcp:127.0.0.1:3121
source D:/College/Masters/Winter_2019-20/ECEC661/HW4/bubble_sort_tb/bubble_sort_tb.sdk/system_wrapper_hw_platform_0/ps7_init.tcl
targets -set -nocase -filter {name =~"APU*" && jtag_cable_name =~ "Digilent Cora Z7 - 7007S 210370A92D0FA"} -index 0
loadhw -hw D:/College/Masters/Winter_2019-20/ECEC661/HW4/bubble_sort_tb/bubble_sort_tb.sdk/system_wrapper_hw_platform_0/system.hdf -mem-ranges [list {0x40000000 0xbfffffff}]
configparams force-mem-access 1
targets -set -nocase -filter {name =~"APU*" && jtag_cable_name =~ "Digilent Cora Z7 - 7007S 210370A92D0FA"} -index 0
stop
ps7_init
ps7_post_config
targets -set -nocase -filter {name =~ "ARM*#0" && jtag_cable_name =~ "Digilent Cora Z7 - 7007S 210370A92D0FA"} -index 0
rst -processor
targets -set -nocase -filter {name =~ "ARM*#0" && jtag_cable_name =~ "Digilent Cora Z7 - 7007S 210370A92D0FA"} -index 0
dow D:/College/Masters/Winter_2019-20/ECEC661/HW4/bubble_sort_tb/bubble_sort_tb.sdk/bubble_test/Debug/bubble_test.elf
configparams force-mem-access 0
----------------End of Script----------------

19:10:48 INFO  : Context for processor 'ps7_cortexa9_0' is selected.
19:10:49 INFO  : 'con' command is executed.
19:10:49 INFO  : ----------------XSDB Script (After Launch)----------------
targets -set -nocase -filter {name =~ "ARM*#0" && jtag_cable_name =~ "Digilent Cora Z7 - 7007S 210370A92D0FA"} -index 0
con
----------------End of Script----------------

19:10:49 INFO  : Disconnected from the channel tcfchan#3.
19:11:34 INFO  : 'targets -set -filter {jtag_cable_name =~ "Digilent Cora Z7 - 7007S 210370A92D0FA" && level==0} -index 1' command is executed.
19:11:34 INFO  : 'fpga -state' command is executed.
19:11:34 INFO  : Connected to target on host '127.0.0.1' and port '3121'.
19:11:34 INFO  : Jtag cable 'Digilent Cora Z7 - 7007S 210370A92D0FA' is selected.
19:11:34 INFO  : 'jtag frequency' command is executed.
19:11:34 INFO  : Sourcing of 'D:/College/Masters/Winter_2019-20/ECEC661/HW4/bubble_sort_tb/bubble_sort_tb.sdk/system_wrapper_hw_platform_0/ps7_init.tcl' is done.
19:11:34 INFO  : Context for 'APU' is selected.
19:11:34 INFO  : Hardware design information is loaded from 'D:/College/Masters/Winter_2019-20/ECEC661/HW4/bubble_sort_tb/bubble_sort_tb.sdk/system_wrapper_hw_platform_0/system.hdf'.
19:11:34 INFO  : 'configparams force-mem-access 1' command is executed.
19:11:34 INFO  : Context for 'APU' is selected.
19:11:34 INFO  : 'stop' command is executed.
19:11:34 INFO  : 'ps7_init' command is executed.
19:11:34 INFO  : 'ps7_post_config' command is executed.
19:11:34 INFO  : Context for processor 'ps7_cortexa9_0' is selected.
19:11:34 INFO  : Processor reset is completed for 'ps7_cortexa9_0'.
19:11:34 INFO  : Context for processor 'ps7_cortexa9_0' is selected.
19:11:35 INFO  : The application 'D:/College/Masters/Winter_2019-20/ECEC661/HW4/bubble_sort_tb/bubble_sort_tb.sdk/bubble_test/Debug/bubble_test.elf' is downloaded to processor 'ps7_cortexa9_0'.
19:11:35 INFO  : 'configparams force-mem-access 0' command is executed.
19:11:35 INFO  : ----------------XSDB Script----------------
connect -url tcp:127.0.0.1:3121
source D:/College/Masters/Winter_2019-20/ECEC661/HW4/bubble_sort_tb/bubble_sort_tb.sdk/system_wrapper_hw_platform_0/ps7_init.tcl
targets -set -nocase -filter {name =~"APU*" && jtag_cable_name =~ "Digilent Cora Z7 - 7007S 210370A92D0FA"} -index 0
loadhw -hw D:/College/Masters/Winter_2019-20/ECEC661/HW4/bubble_sort_tb/bubble_sort_tb.sdk/system_wrapper_hw_platform_0/system.hdf -mem-ranges [list {0x40000000 0xbfffffff}]
configparams force-mem-access 1
targets -set -nocase -filter {name =~"APU*" && jtag_cable_name =~ "Digilent Cora Z7 - 7007S 210370A92D0FA"} -index 0
stop
ps7_init
ps7_post_config
targets -set -nocase -filter {name =~ "ARM*#0" && jtag_cable_name =~ "Digilent Cora Z7 - 7007S 210370A92D0FA"} -index 0
rst -processor
targets -set -nocase -filter {name =~ "ARM*#0" && jtag_cable_name =~ "Digilent Cora Z7 - 7007S 210370A92D0FA"} -index 0
dow D:/College/Masters/Winter_2019-20/ECEC661/HW4/bubble_sort_tb/bubble_sort_tb.sdk/bubble_test/Debug/bubble_test.elf
configparams force-mem-access 0
----------------End of Script----------------

19:11:35 INFO  : Context for processor 'ps7_cortexa9_0' is selected.
19:11:35 INFO  : 'con' command is executed.
19:11:35 INFO  : ----------------XSDB Script (After Launch)----------------
targets -set -nocase -filter {name =~ "ARM*#0" && jtag_cable_name =~ "Digilent Cora Z7 - 7007S 210370A92D0FA"} -index 0
con
----------------End of Script----------------

19:11:35 INFO  : Disconnected from the channel tcfchan#4.
19:13:16 INFO  : 'targets -set -filter {jtag_cable_name =~ "Digilent Cora Z7 - 7007S 210370A92D0FA" && level==0} -index 1' command is executed.
19:13:16 INFO  : 'fpga -state' command is executed.
19:13:16 INFO  : Connected to target on host '127.0.0.1' and port '3121'.
19:13:16 INFO  : Jtag cable 'Digilent Cora Z7 - 7007S 210370A92D0FA' is selected.
19:13:16 INFO  : 'jtag frequency' command is executed.
19:13:16 INFO  : Sourcing of 'D:/College/Masters/Winter_2019-20/ECEC661/HW4/bubble_sort_tb/bubble_sort_tb.sdk/system_wrapper_hw_platform_0/ps7_init.tcl' is done.
19:13:16 INFO  : Context for 'APU' is selected.
19:13:16 INFO  : Hardware design information is loaded from 'D:/College/Masters/Winter_2019-20/ECEC661/HW4/bubble_sort_tb/bubble_sort_tb.sdk/system_wrapper_hw_platform_0/system.hdf'.
19:13:16 INFO  : 'configparams force-mem-access 1' command is executed.
19:13:16 INFO  : Context for 'APU' is selected.
19:13:16 INFO  : 'stop' command is executed.
19:13:17 INFO  : 'ps7_init' command is executed.
19:13:17 INFO  : 'ps7_post_config' command is executed.
19:13:17 INFO  : Context for processor 'ps7_cortexa9_0' is selected.
19:13:17 INFO  : Processor reset is completed for 'ps7_cortexa9_0'.
19:13:17 INFO  : Context for processor 'ps7_cortexa9_0' is selected.
19:13:17 INFO  : The application 'D:/College/Masters/Winter_2019-20/ECEC661/HW4/bubble_sort_tb/bubble_sort_tb.sdk/bubble_test/Debug/bubble_test.elf' is downloaded to processor 'ps7_cortexa9_0'.
19:13:17 INFO  : 'configparams force-mem-access 0' command is executed.
19:13:17 INFO  : ----------------XSDB Script----------------
connect -url tcp:127.0.0.1:3121
source D:/College/Masters/Winter_2019-20/ECEC661/HW4/bubble_sort_tb/bubble_sort_tb.sdk/system_wrapper_hw_platform_0/ps7_init.tcl
targets -set -nocase -filter {name =~"APU*" && jtag_cable_name =~ "Digilent Cora Z7 - 7007S 210370A92D0FA"} -index 0
loadhw -hw D:/College/Masters/Winter_2019-20/ECEC661/HW4/bubble_sort_tb/bubble_sort_tb.sdk/system_wrapper_hw_platform_0/system.hdf -mem-ranges [list {0x40000000 0xbfffffff}]
configparams force-mem-access 1
targets -set -nocase -filter {name =~"APU*" && jtag_cable_name =~ "Digilent Cora Z7 - 7007S 210370A92D0FA"} -index 0
stop
ps7_init
ps7_post_config
targets -set -nocase -filter {name =~ "ARM*#0" && jtag_cable_name =~ "Digilent Cora Z7 - 7007S 210370A92D0FA"} -index 0
rst -processor
targets -set -nocase -filter {name =~ "ARM*#0" && jtag_cable_name =~ "Digilent Cora Z7 - 7007S 210370A92D0FA"} -index 0
dow D:/College/Masters/Winter_2019-20/ECEC661/HW4/bubble_sort_tb/bubble_sort_tb.sdk/bubble_test/Debug/bubble_test.elf
configparams force-mem-access 0
----------------End of Script----------------

19:13:17 INFO  : Context for processor 'ps7_cortexa9_0' is selected.
19:13:17 INFO  : 'con' command is executed.
19:13:17 INFO  : ----------------XSDB Script (After Launch)----------------
targets -set -nocase -filter {name =~ "ARM*#0" && jtag_cable_name =~ "Digilent Cora Z7 - 7007S 210370A92D0FA"} -index 0
con
----------------End of Script----------------

19:13:17 INFO  : Disconnected from the channel tcfchan#5.
19:14:02 INFO  : 'targets -set -filter {jtag_cable_name =~ "Digilent Cora Z7 - 7007S 210370A92D0FA" && level==0} -index 1' command is executed.
19:14:02 INFO  : 'fpga -state' command is executed.
19:14:02 INFO  : Connected to target on host '127.0.0.1' and port '3121'.
19:14:02 INFO  : Jtag cable 'Digilent Cora Z7 - 7007S 210370A92D0FA' is selected.
19:14:02 INFO  : 'jtag frequency' command is executed.
19:14:02 INFO  : Sourcing of 'D:/College/Masters/Winter_2019-20/ECEC661/HW4/bubble_sort_tb/bubble_sort_tb.sdk/system_wrapper_hw_platform_0/ps7_init.tcl' is done.
19:14:02 INFO  : Context for 'APU' is selected.
19:14:02 INFO  : Hardware design information is loaded from 'D:/College/Masters/Winter_2019-20/ECEC661/HW4/bubble_sort_tb/bubble_sort_tb.sdk/system_wrapper_hw_platform_0/system.hdf'.
19:14:02 INFO  : 'configparams force-mem-access 1' command is executed.
19:14:02 INFO  : Context for 'APU' is selected.
19:14:02 INFO  : 'stop' command is executed.
19:14:03 INFO  : 'ps7_init' command is executed.
19:14:03 INFO  : 'ps7_post_config' command is executed.
19:14:03 INFO  : Context for processor 'ps7_cortexa9_0' is selected.
19:14:03 INFO  : Processor reset is completed for 'ps7_cortexa9_0'.
19:14:03 INFO  : Context for processor 'ps7_cortexa9_0' is selected.
19:14:03 INFO  : The application 'D:/College/Masters/Winter_2019-20/ECEC661/HW4/bubble_sort_tb/bubble_sort_tb.sdk/bubble_test/Debug/bubble_test.elf' is downloaded to processor 'ps7_cortexa9_0'.
19:14:03 INFO  : 'configparams force-mem-access 0' command is executed.
19:14:03 INFO  : ----------------XSDB Script----------------
connect -url tcp:127.0.0.1:3121
source D:/College/Masters/Winter_2019-20/ECEC661/HW4/bubble_sort_tb/bubble_sort_tb.sdk/system_wrapper_hw_platform_0/ps7_init.tcl
targets -set -nocase -filter {name =~"APU*" && jtag_cable_name =~ "Digilent Cora Z7 - 7007S 210370A92D0FA"} -index 0
loadhw -hw D:/College/Masters/Winter_2019-20/ECEC661/HW4/bubble_sort_tb/bubble_sort_tb.sdk/system_wrapper_hw_platform_0/system.hdf -mem-ranges [list {0x40000000 0xbfffffff}]
configparams force-mem-access 1
targets -set -nocase -filter {name =~"APU*" && jtag_cable_name =~ "Digilent Cora Z7 - 7007S 210370A92D0FA"} -index 0
stop
ps7_init
ps7_post_config
targets -set -nocase -filter {name =~ "ARM*#0" && jtag_cable_name =~ "Digilent Cora Z7 - 7007S 210370A92D0FA"} -index 0
rst -processor
targets -set -nocase -filter {name =~ "ARM*#0" && jtag_cable_name =~ "Digilent Cora Z7 - 7007S 210370A92D0FA"} -index 0
dow D:/College/Masters/Winter_2019-20/ECEC661/HW4/bubble_sort_tb/bubble_sort_tb.sdk/bubble_test/Debug/bubble_test.elf
configparams force-mem-access 0
----------------End of Script----------------

19:14:03 INFO  : Context for processor 'ps7_cortexa9_0' is selected.
19:14:03 INFO  : 'con' command is executed.
19:14:03 INFO  : ----------------XSDB Script (After Launch)----------------
targets -set -nocase -filter {name =~ "ARM*#0" && jtag_cable_name =~ "Digilent Cora Z7 - 7007S 210370A92D0FA"} -index 0
con
----------------End of Script----------------

19:14:03 INFO  : Disconnected from the channel tcfchan#6.
19:14:23 INFO  : 'targets -set -filter {jtag_cable_name =~ "Digilent Cora Z7 - 7007S 210370A92D0FA" && level==0} -index 1' command is executed.
19:14:23 INFO  : 'fpga -state' command is executed.
19:14:23 INFO  : Connected to target on host '127.0.0.1' and port '3121'.
19:14:24 INFO  : Jtag cable 'Digilent Cora Z7 - 7007S 210370A92D0FA' is selected.
19:14:24 INFO  : 'jtag frequency' command is executed.
19:14:24 INFO  : Sourcing of 'D:/College/Masters/Winter_2019-20/ECEC661/HW4/bubble_sort_tb/bubble_sort_tb.sdk/system_wrapper_hw_platform_0/ps7_init.tcl' is done.
19:14:24 INFO  : Context for 'APU' is selected.
19:14:24 INFO  : Hardware design information is loaded from 'D:/College/Masters/Winter_2019-20/ECEC661/HW4/bubble_sort_tb/bubble_sort_tb.sdk/system_wrapper_hw_platform_0/system.hdf'.
19:14:24 INFO  : 'configparams force-mem-access 1' command is executed.
19:14:24 INFO  : Context for 'APU' is selected.
19:14:24 INFO  : 'stop' command is executed.
19:14:24 INFO  : 'ps7_init' command is executed.
19:14:24 INFO  : 'ps7_post_config' command is executed.
19:14:24 INFO  : Context for processor 'ps7_cortexa9_0' is selected.
19:14:24 INFO  : Processor reset is completed for 'ps7_cortexa9_0'.
19:14:24 INFO  : Context for processor 'ps7_cortexa9_0' is selected.
19:14:24 INFO  : The application 'D:/College/Masters/Winter_2019-20/ECEC661/HW4/bubble_sort_tb/bubble_sort_tb.sdk/bubble_test/Debug/bubble_test.elf' is downloaded to processor 'ps7_cortexa9_0'.
19:14:24 INFO  : 'configparams force-mem-access 0' command is executed.
19:14:24 INFO  : ----------------XSDB Script----------------
connect -url tcp:127.0.0.1:3121
source D:/College/Masters/Winter_2019-20/ECEC661/HW4/bubble_sort_tb/bubble_sort_tb.sdk/system_wrapper_hw_platform_0/ps7_init.tcl
targets -set -nocase -filter {name =~"APU*" && jtag_cable_name =~ "Digilent Cora Z7 - 7007S 210370A92D0FA"} -index 0
loadhw -hw D:/College/Masters/Winter_2019-20/ECEC661/HW4/bubble_sort_tb/bubble_sort_tb.sdk/system_wrapper_hw_platform_0/system.hdf -mem-ranges [list {0x40000000 0xbfffffff}]
configparams force-mem-access 1
targets -set -nocase -filter {name =~"APU*" && jtag_cable_name =~ "Digilent Cora Z7 - 7007S 210370A92D0FA"} -index 0
stop
ps7_init
ps7_post_config
targets -set -nocase -filter {name =~ "ARM*#0" && jtag_cable_name =~ "Digilent Cora Z7 - 7007S 210370A92D0FA"} -index 0
rst -processor
targets -set -nocase -filter {name =~ "ARM*#0" && jtag_cable_name =~ "Digilent Cora Z7 - 7007S 210370A92D0FA"} -index 0
dow D:/College/Masters/Winter_2019-20/ECEC661/HW4/bubble_sort_tb/bubble_sort_tb.sdk/bubble_test/Debug/bubble_test.elf
configparams force-mem-access 0
----------------End of Script----------------

19:14:24 INFO  : Context for processor 'ps7_cortexa9_0' is selected.
19:14:25 INFO  : 'con' command is executed.
19:14:25 INFO  : ----------------XSDB Script (After Launch)----------------
targets -set -nocase -filter {name =~ "ARM*#0" && jtag_cable_name =~ "Digilent Cora Z7 - 7007S 210370A92D0FA"} -index 0
con
----------------End of Script----------------

19:14:25 INFO  : Disconnected from the channel tcfchan#7.
19:36:36 INFO  : 'targets -set -filter {jtag_cable_name =~ "Digilent Cora Z7 - 7007S 210370A92D0FA" && level==0} -index 1' command is executed.
19:36:36 INFO  : 'fpga -state' command is executed.
19:36:36 INFO  : Connected to target on host '127.0.0.1' and port '3121'.
19:36:36 INFO  : Jtag cable 'Digilent Cora Z7 - 7007S 210370A92D0FA' is selected.
19:36:36 INFO  : 'jtag frequency' command is executed.
19:36:36 INFO  : Sourcing of 'D:/College/Masters/Winter_2019-20/ECEC661/HW4/bubble_sort_tb/bubble_sort_tb.sdk/system_wrapper_hw_platform_0/ps7_init.tcl' is done.
19:36:36 INFO  : Context for 'APU' is selected.
19:36:36 INFO  : Hardware design information is loaded from 'D:/College/Masters/Winter_2019-20/ECEC661/HW4/bubble_sort_tb/bubble_sort_tb.sdk/system_wrapper_hw_platform_0/system.hdf'.
19:36:36 INFO  : 'configparams force-mem-access 1' command is executed.
19:36:36 INFO  : Context for 'APU' is selected.
19:36:36 INFO  : 'stop' command is executed.
19:36:36 INFO  : 'ps7_init' command is executed.
19:36:36 INFO  : 'ps7_post_config' command is executed.
19:36:36 INFO  : Context for processor 'ps7_cortexa9_0' is selected.
19:36:37 INFO  : Processor reset is completed for 'ps7_cortexa9_0'.
19:36:37 INFO  : Context for processor 'ps7_cortexa9_0' is selected.
19:36:37 INFO  : The application 'D:/College/Masters/Winter_2019-20/ECEC661/HW4/bubble_sort_tb/bubble_sort_tb.sdk/bubble_test/Debug/bubble_test.elf' is downloaded to processor 'ps7_cortexa9_0'.
19:36:37 INFO  : 'configparams force-mem-access 0' command is executed.
19:36:37 INFO  : ----------------XSDB Script----------------
connect -url tcp:127.0.0.1:3121
source D:/College/Masters/Winter_2019-20/ECEC661/HW4/bubble_sort_tb/bubble_sort_tb.sdk/system_wrapper_hw_platform_0/ps7_init.tcl
targets -set -nocase -filter {name =~"APU*" && jtag_cable_name =~ "Digilent Cora Z7 - 7007S 210370A92D0FA"} -index 0
loadhw -hw D:/College/Masters/Winter_2019-20/ECEC661/HW4/bubble_sort_tb/bubble_sort_tb.sdk/system_wrapper_hw_platform_0/system.hdf -mem-ranges [list {0x40000000 0xbfffffff}]
configparams force-mem-access 1
targets -set -nocase -filter {name =~"APU*" && jtag_cable_name =~ "Digilent Cora Z7 - 7007S 210370A92D0FA"} -index 0
stop
ps7_init
ps7_post_config
targets -set -nocase -filter {name =~ "ARM*#0" && jtag_cable_name =~ "Digilent Cora Z7 - 7007S 210370A92D0FA"} -index 0
rst -processor
targets -set -nocase -filter {name =~ "ARM*#0" && jtag_cable_name =~ "Digilent Cora Z7 - 7007S 210370A92D0FA"} -index 0
dow D:/College/Masters/Winter_2019-20/ECEC661/HW4/bubble_sort_tb/bubble_sort_tb.sdk/bubble_test/Debug/bubble_test.elf
configparams force-mem-access 0
----------------End of Script----------------

19:36:37 INFO  : Context for processor 'ps7_cortexa9_0' is selected.
19:36:37 INFO  : 'con' command is executed.
19:36:37 INFO  : ----------------XSDB Script (After Launch)----------------
targets -set -nocase -filter {name =~ "ARM*#0" && jtag_cable_name =~ "Digilent Cora Z7 - 7007S 210370A92D0FA"} -index 0
con
----------------End of Script----------------

19:36:37 INFO  : Disconnected from the channel tcfchan#8.
